Args in experiment:
Namespace(activation='gelu', batch_size=512, c_out=7, checkpoints='./checkpoints/', d_ff=2048, d_layers=1, d_model=512, data='custom', data_path='Exness_BTCUSD_2021.csv', dec_in=7, des='Exp', devices='0,1,2,3', distil=True, do_predict=False, dropout=0.05, e_layers=2, embed='timeF', embed_type=0, enc_in=1, factor=1, features='S', freq='h', gpu=0, individual=False, is_training=1, itr=1, label_len=48, learning_rate=0.001, loss='mse', lradj='type1', model='Linear', model_id='Exchange_336_96', moving_avg=25, n_heads=8, num_workers=35, output_attention=False, patience=3, pred_len=96, root_path='./dataset/', seq_len=336, target='OT', test_flop=False, train_epochs=5, use_amp=False, use_gpu=False, use_multi_gpu=False)
Use CPU
>>>>>>>start training : Exchange_336_96_Linear_custom_ftS_sl336_ll48_pl96_dm512_nh8_el2_dl1_df2048_fc1_ebtimeF_dtTrue_Exp_0>>>>>>>>>>>>>>>>>>>>>>>>>>
train 26188076
val 3741122
test 7482335
	iters: 100, epoch: 1 | loss: 0.0001011
	speed: 1.7096s/iter; left time: 437045.8656s
	iters: 200, epoch: 1 | loss: 0.0000896
	speed: 1.6706s/iter; left time: 426895.5220s
	iters: 300, epoch: 1 | loss: 0.0000983
	speed: 1.6836s/iter; left time: 430064.9284s
	iters: 400, epoch: 1 | loss: 0.0000796
	speed: 1.6779s/iter; left time: 428445.8923s
	iters: 500, epoch: 1 | loss: 0.0000893
	speed: 1.6737s/iter; left time: 427199.2365s
	iters: 600, epoch: 1 | loss: 0.0000934
	speed: 1.6747s/iter; left time: 427275.0788s
	iters: 700, epoch: 1 | loss: 0.0001071
	speed: 1.6788s/iter; left time: 428163.8423s
	iters: 800, epoch: 1 | loss: 0.0001063
	speed: 1.7296s/iter; left time: 440942.0721s
	iters: 900, epoch: 1 | loss: 0.0001011
	speed: 1.6979s/iter; left time: 432693.0519s
	iters: 1000, epoch: 1 | loss: 0.0000862
	speed: 1.6800s/iter; left time: 427967.8645s
	iters: 1100, epoch: 1 | loss: 0.0000969
	speed: 1.6803s/iter; left time: 427871.4521s
	iters: 1200, epoch: 1 | loss: 0.0000907
	speed: 1.6850s/iter; left time: 428907.2320s
	iters: 1300, epoch: 1 | loss: 0.0000833
	speed: 1.6941s/iter; left time: 431036.0550s
	iters: 1400, epoch: 1 | loss: 0.0000792
	speed: 1.9762s/iter; left time: 502627.0163s
	iters: 1500, epoch: 1 | loss: 0.0000777
	speed: 1.6827s/iter; left time: 427812.5939s
	iters: 1600, epoch: 1 | loss: 0.0001033
	speed: 1.6833s/iter; left time: 427792.6555s
	iters: 1700, epoch: 1 | loss: 0.0001092
	speed: 1.6843s/iter; left time: 427869.7267s
	iters: 1800, epoch: 1 | loss: 0.0000715
	speed: 1.6869s/iter; left time: 428373.6512s
	iters: 1900, epoch: 1 | loss: 0.0000679
	speed: 1.7061s/iter; left time: 433074.4381s
	iters: 2000, epoch: 1 | loss: 0.0000910
	speed: 1.6862s/iter; left time: 427847.3182s
	iters: 2100, epoch: 1 | loss: 0.0001042
	speed: 1.6875s/iter; left time: 428014.1955s
	iters: 2200, epoch: 1 | loss: 0.0000772
	speed: 1.6863s/iter; left time: 427537.9276s
	iters: 2300, epoch: 1 | loss: 0.0000904
	speed: 1.6885s/iter; left time: 427937.3555s
	iters: 2400, epoch: 1 | loss: 0.0000669
	speed: 1.7020s/iter; left time: 431188.9510s
	iters: 2500, epoch: 1 | loss: 0.0001226
	speed: 1.6907s/iter; left time: 428154.9679s
	iters: 2600, epoch: 1 | loss: 0.0000737
	speed: 1.6951s/iter; left time: 429095.0505s
	iters: 2700, epoch: 1 | loss: 0.0000851
	speed: 1.6869s/iter; left time: 426847.2959s
	iters: 2800, epoch: 1 | loss: 0.0000932
	speed: 1.6878s/iter; left time: 426910.3769s
	iters: 2900, epoch: 1 | loss: 0.0000546
	speed: 1.7014s/iter; left time: 430171.6815s
	iters: 3000, epoch: 1 | loss: 0.0000680
	speed: 1.6984s/iter; left time: 429266.8187s
	iters: 3100, epoch: 1 | loss: 0.0000619
	speed: 1.6899s/iter; left time: 426934.2926s
	iters: 3200, epoch: 1 | loss: 0.0000611
	speed: 1.6889s/iter; left time: 426526.8875s
	iters: 3300, epoch: 1 | loss: 0.0000625
	speed: 1.6894s/iter; left time: 426471.7738s
	iters: 3400, epoch: 1 | loss: 0.0000791
	speed: 1.6916s/iter; left time: 426856.1692s
	iters: 3500, epoch: 1 | loss: 0.0000667
	speed: 1.7149s/iter; left time: 432562.1420s
	iters: 3600, epoch: 1 | loss: 0.0000619
	speed: 1.6933s/iter; left time: 426943.7605s
	iters: 3700, epoch: 1 | loss: 0.0000723
	speed: 1.6912s/iter; left time: 426257.5594s
