Args in experiment:
Namespace(activation='gelu', batch_size=512, c_out=7, checkpoints='./checkpoints/', d_ff=2048, d_layers=1, d_model=512, data='custom', data_path='Exness_BTCUSD_2021.csv', dec_in=7, des='Exp', devices='0,1,2,3', distil=True, do_predict=False, dropout=0.05, e_layers=2, embed='timeF', embed_type=0, enc_in=1, factor=1, features='S', freq='h', gpu=0, individual=False, is_training=1, itr=1, label_len=48, learning_rate=0.001, loss='mse', lradj='type1', model='Mega_Linear', model_id='Exchange_336_96', moving_avg=25, n_heads=8, num_workers=35, output_attention=False, patience=3, pred_len=96, root_path='./dataset/', seq_len=336, target='OT', test_flop=False, train_epochs=1, use_amp=False, use_gpu=False, use_multi_gpu=False)
Use CPU
>>>>>>>start training : Exchange_336_96_Mega_Linear_custom_ftS_sl336_ll48_pl96_dm512_nh8_el2_dl1_df2048_fc1_ebtimeF_dtTrue_Exp_0>>>>>>>>>>>>>>>>>>>>>>>>>>
train 26188076
val 3741122
test 7482335
	iters: 100, epoch: 1 | loss: 0.0001331
	speed: 4.7622s/iter; left time: 243105.8252s
	iters: 200, epoch: 1 | loss: 0.0000967
	speed: 4.7261s/iter; left time: 240788.7922s
	iters: 300, epoch: 1 | loss: 0.0000914
	speed: 4.7412s/iter; left time: 241086.6499s
	iters: 400, epoch: 1 | loss: 0.0000971
	speed: 4.7165s/iter; left time: 239356.1165s
	iters: 500, epoch: 1 | loss: 0.0000725
	speed: 4.7481s/iter; left time: 240488.2856s
	iters: 600, epoch: 1 | loss: 0.0000913
	speed: 4.7373s/iter; left time: 239467.3570s
	iters: 700, epoch: 1 | loss: 0.0000954
	speed: 4.8893s/iter; left time: 246659.1140s
	iters: 800, epoch: 1 | loss: 0.0001056
	speed: 4.7314s/iter; left time: 238219.4035s
